        -:    0:Source:../src/example_app.c
        -:    0:Programs:2
        -:    1: /*************************************************************************
        -:    2: ** File:
        -:    3: **   $Id: example_app.c.gcov 1.1 2016/06/14 16:47:22EDT czogby Exp  $
        -:    4: **
        -:    5: ** Purpose: 
        -:    6: **   The UT-Assert example application exists in order to be used by the UT-Assert example unit tests.
        -:    7: **   The UT-Assert example unit tests exist in order to serve as an introduction for how to write a 
        -:    8: **   unit test using UT-Assert
        -:    9: **
        -:   10: ** References:
        -:   11: **   Flight Software Branch C Coding Standard Version 1.2
        -:   12: **   CFS Development Standards Document
        -:   13: ** Notes:
        -:   14: **
        -:   15: **   $Log: example_app.c.gcov  $
        -:   15: **   Revision 1.1 2016/06/14 16:47:22EDT czogby 
        -:   15: **   Initial revision
        -:   15: **   Member added to project /FSW-TOOLs-REPOSITORY/ut-assert/example/fsw/unit_test/project.pj
        -:   16: *************************************************************************/
        -:   17:
        -:   18:#include "cfe.h"
        -:   19:#include "example_app.h"
        -:   20:
        -:   21:Example_GlobalData_t   Example_GlobalData;
        -:   22:
        3:   23:uint32 Example_Function1(void)
        -:   24:{
        3:   25:    if (Example_GlobalData.Variable1 == 1)
        -:   26:    {
        2:   27:        Example_GlobalData.Variable2 = 2;
        -:   28:
        2:   29:        if (CFE_SB_Subscribe(0, 0) == 5)  /* Input values don't matter in this example */
        -:   30:        {
        1:   31:            return 25;
        -:   32:        }
        -:   33:    }
        -:   34:    else
        -:   35:    {
        1:   36:        Example_GlobalData.Variable2 = 99;
        -:   37:    }
        -:   38:
        2:   39:    return 10;
        -:   40:
        -:   41:} /* End Example_Function1 */
        -:   42:
        -:   43:/************************/
        -:   44:/*  End of File Comment */
        -:   45:/************************/
